<?xml version="1.0" encoding="UTF-8"?>
<coverage generated="1666007597658" clover="3.2.0">
  <project timestamp="1666007597658" name="All files">
    <metrics statements="15" coveredstatements="15" conditionals="0" coveredconditionals="0" methods="5" coveredmethods="5" elements="20" coveredelements="20" complexity="0" loc="15" ncloc="15" packages="1" files="5" classes="5"/>
    <file name="cloneArray.js" path="/home/david/Projects/practice/tdd/tdd-js/js/cloneArray.js">
      <metrics statements="3" coveredstatements="3" conditionals="0" coveredconditionals="0" methods="1" coveredmethods="1"/>
      <line num="1" count="1" type="stmt"/>
      <line num="2" count="2" type="stmt"/>
      <line num="5" count="1" type="stmt"/>
    </file>
    <file name="division.js" path="/home/david/Projects/practice/tdd/tdd-js/js/division.js">
      <metrics statements="3" coveredstatements="3" conditionals="0" coveredconditionals="0" methods="1" coveredmethods="1"/>
      <line num="1" count="1" type="stmt"/>
      <line num="2" count="1" type="stmt"/>
      <line num="5" count="1" type="stmt"/>
    </file>
    <file name="multiply.js" path="/home/david/Projects/practice/tdd/tdd-js/js/multiply.js">
      <metrics statements="3" coveredstatements="3" conditionals="0" coveredconditionals="0" methods="1" coveredmethods="1"/>
      <line num="1" count="1" type="stmt"/>
      <line num="2" count="1" type="stmt"/>
      <line num="5" count="1" type="stmt"/>
    </file>
    <file name="substract.js" path="/home/david/Projects/practice/tdd/tdd-js/js/substract.js">
      <metrics statements="3" coveredstatements="3" conditionals="0" coveredconditionals="0" methods="1" coveredmethods="1"/>
      <line num="1" count="1" type="stmt"/>
      <line num="2" count="1" type="stmt"/>
      <line num="5" count="1" type="stmt"/>
    </file>
    <file name="sum.js" path="/home/david/Projects/practice/tdd/tdd-js/js/sum.js">
      <metrics statements="3" coveredstatements="3" conditionals="0" coveredconditionals="0" methods="1" coveredmethods="1"/>
      <line num="1" count="1" type="stmt"/>
      <line num="2" count="1" type="stmt"/>
      <line num="5" count="1" type="stmt"/>
    </file>
  </project>
</coverage>
